Copyright 1986-2015 Xilinx, Inc. All Rights Reserved.
-----------------------------------------------------------------------------------------
| Tool Version : Vivado v.2015.4 (lin64) Build 1412921 Wed Nov 18 09:44:32 MST 2015
| Date         : Wed Jan 20 15:05:21 2016
| Host         : ubuntu running 64-bit Ubuntu 14.04.2 LTS
| Command      : report_control_sets -verbose -file zybo_wrapper_control_sets_placed.rpt
| Design       : zybo_wrapper
| Device       : xc7z010
-----------------------------------------------------------------------------------------

Control Set Information

Table of Contents
-----------------
1. Summary
2. Flip-Flop Distribution
3. Detailed Control Set Information

1. Summary
----------

+-------------------------------------------------------------------+-------+
|                               Status                              | Count |
+-------------------------------------------------------------------+-------+
| Number of unique control sets                                     |    50 |
| Minimum Number of register sites lost to control set restrictions |   144 |
+-------------------------------------------------------------------+-------+


2. Flip-Flop Distribution
-------------------------

+--------------+-----------------------+------------------------+-----------------+--------------+
| Clock Enable | Synchronous Set/Reset | Asynchronous Set/Reset | Total Registers | Total Slices |
+--------------+-----------------------+------------------------+-----------------+--------------+
| No           | No                    | No                     |             173 |           55 |
| No           | No                    | Yes                    |               0 |            0 |
| No           | Yes                   | No                     |             166 |           50 |
| Yes          | No                    | No                     |             416 |           95 |
| Yes          | No                    | Yes                    |               0 |            0 |
| Yes          | Yes                   | No                     |              69 |           21 |
+--------------+-----------------------+------------------------+-----------------+--------------+


3. Detailed Control Set Information
-----------------------------------

+---------------------------------------------+--------------------------------------------------------------------------------------------------------------------------------------------------------------------------+-----------------------------------------------------------------------------------------------------------------------------------------------------+------------------+----------------+
|                 Clock Signal                |                                                                               Enable Signal                                                                              |                                                                   Set/Reset Signal                                                                  | Slice Load Count | Bel Load Count |
+---------------------------------------------+--------------------------------------------------------------------------------------------------------------------------------------------------------------------------+-----------------------------------------------------------------------------------------------------------------------------------------------------+------------------+----------------+
|  zybo_i/processing_system7_0/inst/FCLK_CLK0 | zybo_i/processing_system7_0_axi_periph/s00_couplers/auto_pc/inst/gen_axilite.gen_b2s_conv.axilite_b2s/WR.b_channel_0/bid_fifo_0/bresp_push                               |                                                                                                                                                     |                1 |              2 |
|  zybo_i/processing_system7_0/inst/FCLK_CLK0 | zybo_i/processing_system7_0_axi_periph/s00_couplers/auto_pc/inst/gen_axilite.gen_b2s_conv.axilite_b2s/RD.ar_channel_0/ar_cmd_fsm_0/axlen_cnt_reg[4]                      | zybo_i/processing_system7_0_axi_periph/s00_couplers/auto_pc/inst/gen_axilite.gen_b2s_conv.axilite_b2s/RD.ar_channel_0/ar_cmd_fsm_0/axlen_cnt_reg[7] |                2 |              4 |
|  zybo_i/processing_system7_0/inst/FCLK_CLK0 | zybo_i/processing_system7_0_axi_periph/s00_couplers/auto_pc/inst/gen_axilite.gen_b2s_conv.axilite_b2s/RD.ar_channel_0/ar_cmd_fsm_0/axlen_cnt_reg[0]_0[0]                 |                                                                                                                                                     |                2 |              4 |
|  zybo_i/processing_system7_0/inst/FCLK_CLK0 | zybo_i/sw_4Bits/U0/AXI_LITE_IPIF_I/I_SLAVE_ATTACHMENT/I_DECODER/Not_Dual.gpio_OE_reg[0][0]                                                                               | zybo_i/sw_4Bits/U0/AXI_LITE_IPIF_I/I_SLAVE_ATTACHMENT/SR                                                                                            |                2 |              4 |
|  zybo_i/processing_system7_0/inst/FCLK_CLK0 | zybo_i/sw_4Bits/U0/AXI_LITE_IPIF_I/I_SLAVE_ATTACHMENT/s_axi_rdata_i                                                                                                      | zybo_i/sw_4Bits/U0/AXI_LITE_IPIF_I/I_SLAVE_ATTACHMENT/SR                                                                                            |                1 |              4 |
|  zybo_i/processing_system7_0/inst/FCLK_CLK0 | zybo_i/btn_4Bits/U0/AXI_LITE_IPIF_I/I_SLAVE_ATTACHMENT/I_DECODER/Not_Dual.gpio_OE_reg[0][0]                                                                              | zybo_i/btn_4Bits/U0/AXI_LITE_IPIF_I/I_SLAVE_ATTACHMENT/SR                                                                                           |                1 |              4 |
|  zybo_i/processing_system7_0/inst/FCLK_CLK0 | zybo_i/btn_4Bits/U0/AXI_LITE_IPIF_I/I_SLAVE_ATTACHMENT/s_axi_rdata_i                                                                                                     | zybo_i/btn_4Bits/U0/AXI_LITE_IPIF_I/I_SLAVE_ATTACHMENT/SR                                                                                           |                1 |              4 |
|  zybo_i/processing_system7_0/inst/FCLK_CLK0 | zybo_i/led_4Bits/U0/AXI_LITE_IPIF_I/I_SLAVE_ATTACHMENT/s_axi_rdata_i                                                                                                     | zybo_i/led_4Bits/U0/AXI_LITE_IPIF_I/I_SLAVE_ATTACHMENT/SR                                                                                           |                1 |              4 |
|  zybo_i/processing_system7_0/inst/FCLK_CLK0 | zybo_i/led_4Bits/U0/AXI_LITE_IPIF_I/I_SLAVE_ATTACHMENT/I_DECODER/Not_Dual.gpio_OE_reg[0][0]                                                                              | zybo_i/led_4Bits/U0/AXI_LITE_IPIF_I/I_SLAVE_ATTACHMENT/SR                                                                                           |                1 |              4 |
|  zybo_i/processing_system7_0/inst/FCLK_CLK0 | zybo_i/led_4Bits/U0/AXI_LITE_IPIF_I/I_SLAVE_ATTACHMENT/I_DECODER/E[0]                                                                                                    | zybo_i/led_4Bits/U0/AXI_LITE_IPIF_I/I_SLAVE_ATTACHMENT/SR                                                                                           |                1 |              4 |
|  zybo_i/processing_system7_0/inst/FCLK_CLK0 | zybo_i/processing_system7_0_axi_periph/s00_couplers/auto_pc/inst/gen_axilite.gen_b2s_conv.axilite_b2s/RD.ar_channel_0/ar_cmd_fsm_0/axlen_cnt_reg[4]                      |                                                                                                                                                     |                2 |              4 |
|  zybo_i/processing_system7_0/inst/FCLK_CLK0 | zybo_i/processing_system7_0_axi_periph/s00_couplers/auto_pc/inst/gen_axilite.gen_b2s_conv.axilite_b2s/WR.aw_channel_0/aw_cmd_fsm_0/E[0]                                  |                                                                                                                                                     |                1 |              4 |
|  zybo_i/processing_system7_0/inst/FCLK_CLK0 |                                                                                                                                                                          | zybo_i/sw_4Bits/U0/AXI_LITE_IPIF_I/I_SLAVE_ATTACHMENT/INCLUDE_DPHASE_TIMER.dpto_cnt[3]_i_1_n_0                                                      |                1 |              4 |
|  zybo_i/processing_system7_0/inst/FCLK_CLK0 | zybo_i/processing_system7_0_axi_periph/s00_couplers/auto_pc/inst/gen_axilite.gen_b2s_conv.axilite_b2s/WR.aw_channel_0/aw_cmd_fsm_0/axlen_cnt_reg[4]                      |                                                                                                                                                     |                2 |              4 |
|  zybo_i/processing_system7_0/inst/FCLK_CLK0 |                                                                                                                                                                          | zybo_i/sw_4Bits/U0/gpio_core_1/Read_Reg_Rst                                                                                                         |                2 |              4 |
|  zybo_i/processing_system7_0/inst/FCLK_CLK0 |                                                                                                                                                                          | zybo_i/btn_4Bits/U0/gpio_core_1/Read_Reg_Rst                                                                                                        |                1 |              4 |
|  zybo_i/processing_system7_0/inst/FCLK_CLK0 |                                                                                                                                                                          | zybo_i/btn_4Bits/U0/AXI_LITE_IPIF_I/I_SLAVE_ATTACHMENT/INCLUDE_DPHASE_TIMER.dpto_cnt[3]_i_1_n_0                                                     |                1 |              4 |
|  zybo_i/processing_system7_0/inst/FCLK_CLK0 | zybo_i/processing_system7_0_axi_periph/s00_couplers/auto_pc/inst/gen_axilite.gen_b2s_conv.axilite_b2s/WR.aw_channel_0/aw_cmd_fsm_0/axlen_cnt_reg[4]                      | zybo_i/processing_system7_0_axi_periph/s00_couplers/auto_pc/inst/gen_axilite.gen_b2s_conv.axilite_b2s/WR.aw_channel_0/aw_cmd_fsm_0/axlen_cnt_reg[7] |                2 |              4 |
|  zybo_i/processing_system7_0/inst/FCLK_CLK0 |                                                                                                                                                                          | zybo_i/led_4Bits/U0/AXI_LITE_IPIF_I/I_SLAVE_ATTACHMENT/INCLUDE_DPHASE_TIMER.dpto_cnt[3]_i_1_n_0                                                     |                1 |              4 |
|  zybo_i/processing_system7_0/inst/FCLK_CLK0 |                                                                                                                                                                          | zybo_i/led_4Bits/U0/gpio_core_1/Read_Reg_Rst                                                                                                        |                1 |              4 |
|  zybo_i/processing_system7_0/inst/FCLK_CLK0 |                                                                                                                                                                          | zybo_i/rst_processing_system7_0_100M/U0/EXT_LPF/lpf_int                                                                                             |                2 |              5 |
|  zybo_i/processing_system7_0/inst/FCLK_CLK0 | zybo_i/rst_processing_system7_0_100M/U0/SEQ/seq_cnt_en                                                                                                                   | zybo_i/rst_processing_system7_0_100M/U0/SEQ/SEQ_COUNTER/clear                                                                                       |                1 |              6 |
|  zybo_i/processing_system7_0/inst/FCLK_CLK0 | zybo_i/processing_system7_0_axi_periph/xbar/inst/gen_sasd.crossbar_sasd_0/reg_slice_r/aa_rready                                                                          |                                                                                                                                                     |                2 |              7 |
|  zybo_i/processing_system7_0/inst/FCLK_CLK0 | zybo_i/processing_system7_0_axi_periph/xbar/inst/gen_sasd.crossbar_sasd_0/addr_arbiter_inst/E[0]                                                                         |                                                                                                                                                     |                3 |              7 |
|  zybo_i/processing_system7_0/inst/FCLK_CLK0 |                                                                                                                                                                          | zybo_i/processing_system7_0_axi_periph/s00_couplers/auto_pc/inst/gen_axilite.gen_b2s_conv.axilite_b2s/SI_REG/r_pipe/SR[0]                           |                5 |              8 |
|  zybo_i/processing_system7_0/inst/FCLK_CLK0 | zybo_i/processing_system7_0_axi_periph/s00_couplers/auto_pc/inst/gen_axilite.gen_b2s_conv.axilite_b2s/WR.b_channel_0/mhandshake_r                                        | zybo_i/processing_system7_0_axi_periph/s00_couplers/auto_pc/inst/gen_axilite.gen_b2s_conv.axilite_b2s/WR.b_channel_0/bid_fifo_0/SR[0]               |                2 |              8 |
|  zybo_i/processing_system7_0/inst/FCLK_CLK0 | zybo_i/processing_system7_0_axi_periph/s00_couplers/auto_pc/inst/gen_axilite.gen_b2s_conv.axilite_b2s/RD.ar_channel_0/ar_cmd_fsm_0/axaddr_wrap_reg[0][0]                 |                                                                                                                                                     |                3 |             12 |
|  zybo_i/processing_system7_0/inst/FCLK_CLK0 | zybo_i/processing_system7_0_axi_periph/s00_couplers/auto_pc/inst/gen_axilite.gen_b2s_conv.axilite_b2s/RD.ar_channel_0/ar_cmd_fsm_0/E[0]                                  |                                                                                                                                                     |                4 |             12 |
|  zybo_i/processing_system7_0/inst/FCLK_CLK0 | zybo_i/processing_system7_0_axi_periph/s00_couplers/auto_pc/inst/gen_axilite.gen_b2s_conv.axilite_b2s/RD.ar_channel_0/ar_cmd_fsm_0/axaddr_incr_reg[11]                   |                                                                                                                                                     |                3 |             12 |
|  zybo_i/processing_system7_0/inst/FCLK_CLK0 | zybo_i/processing_system7_0_axi_periph/s00_couplers/auto_pc/inst/gen_axilite.gen_b2s_conv.axilite_b2s/WR.aw_channel_0/cmd_translator_0/incr_cmd_0/axaddr_incr[0]_i_1_n_0 |                                                                                                                                                     |                3 |             12 |
|  zybo_i/processing_system7_0/inst/FCLK_CLK0 | zybo_i/processing_system7_0_axi_periph/s00_couplers/auto_pc/inst/gen_axilite.gen_b2s_conv.axilite_b2s/WR.aw_channel_0/aw_cmd_fsm_0/axaddr_wrap_reg[0][0]                 |                                                                                                                                                     |                4 |             12 |
|  zybo_i/processing_system7_0/inst/FCLK_CLK0 | zybo_i/processing_system7_0_axi_periph/s00_couplers/auto_pc/inst/gen_axilite.gen_b2s_conv.axilite_b2s/WR.aw_channel_0/aw_cmd_fsm_0/wrap_boundary_axaddr_r_reg[11]        |                                                                                                                                                     |                7 |             12 |
|  zybo_i/processing_system7_0/inst/FCLK_CLK0 |                                                                                                                                                                          | zybo_i/processing_system7_0_axi_periph/xbar/inst/gen_sasd.crossbar_sasd_0/addr_arbiter_inst/SR[0]                                                   |                6 |             13 |
|  zybo_i/processing_system7_0/inst/FCLK_CLK0 | zybo_i/processing_system7_0_axi_periph/s00_couplers/auto_pc/inst/gen_axilite.gen_b2s_conv.axilite_b2s/RD.r_channel_0/r_push_r                                            |                                                                                                                                                     |                4 |             13 |
|  zybo_i/processing_system7_0/inst/FCLK_CLK0 | zybo_i/processing_system7_0_axi_periph/s00_couplers/auto_pc/inst/gen_axilite.gen_b2s_conv.axilite_b2s/SI_REG/b_pipe/skid_buffer_reg[0]_0                                 |                                                                                                                                                     |                4 |             14 |
|  zybo_i/processing_system7_0/inst/FCLK_CLK0 | zybo_i/processing_system7_0_axi_periph/s00_couplers/auto_pc/inst/gen_axilite.gen_b2s_conv.axilite_b2s/SI_REG/b_pipe/p_1_in                                               |                                                                                                                                                     |                3 |             14 |
|  zybo_i/processing_system7_0/inst/FCLK_CLK0 |                                                                                                                                                                          | zybo_i/led_4Bits/U0/AXI_LITE_IPIF_I/I_SLAVE_ATTACHMENT/SR                                                                                           |                6 |             19 |
|  zybo_i/processing_system7_0/inst/FCLK_CLK0 |                                                                                                                                                                          | zybo_i/btn_4Bits/U0/AXI_LITE_IPIF_I/I_SLAVE_ATTACHMENT/SR                                                                                           |                5 |             19 |
|  zybo_i/processing_system7_0/inst/FCLK_CLK0 |                                                                                                                                                                          | zybo_i/sw_4Bits/U0/AXI_LITE_IPIF_I/I_SLAVE_ATTACHMENT/SR                                                                                            |                7 |             19 |
|  zybo_i/processing_system7_0/inst/FCLK_CLK0 | zybo_i/processing_system7_0_axi_periph/xbar/inst/gen_sasd.crossbar_sasd_0/addr_arbiter_inst/p_0_in1_in                                                                   | zybo_i/processing_system7_0_axi_periph/xbar/inst/gen_sasd.crossbar_sasd_0/addr_arbiter_inst/SR[0]                                                   |                6 |             19 |
|  zybo_i/processing_system7_0/inst/FCLK_CLK0 | zybo_i/processing_system7_0_axi_periph/s00_couplers/auto_pc/inst/gen_axilite.gen_b2s_conv.axilite_b2s/WR.aw_channel_0/aw_cmd_fsm_0/b_push                                |                                                                                                                                                     |                5 |             20 |
|  zybo_i/processing_system7_0/inst/FCLK_CLK0 | zybo_i/processing_system7_0_axi_periph/s00_couplers/auto_pc/inst/gen_axilite.gen_b2s_conv.axilite_b2s/RD.r_channel_0/rd_data_fifo_0/wr_en0                               |                                                                                                                                                     |                9 |             34 |
|  zybo_i/processing_system7_0/inst/FCLK_CLK0 | zybo_i/processing_system7_0_axi_periph/s00_couplers/auto_pc/inst/gen_axilite.gen_b2s_conv.axilite_b2s/SI_REG/r_pipe/skid_buffer_reg[0]_0                                 |                                                                                                                                                     |                8 |             47 |
|  zybo_i/processing_system7_0/inst/FCLK_CLK0 | zybo_i/processing_system7_0_axi_periph/s00_couplers/auto_pc/inst/gen_axilite.gen_b2s_conv.axilite_b2s/SI_REG/r_pipe/p_1_in                                               |                                                                                                                                                     |                7 |             47 |
|  zybo_i/processing_system7_0/inst/FCLK_CLK0 | zybo_i/processing_system7_0_axi_periph/s00_couplers/auto_pc/inst/gen_axilite.gen_b2s_conv.axilite_b2s/RD.ar_channel_0/ar_cmd_fsm_0/m_payload_i_reg[0]_1[0]               |                                                                                                                                                     |                9 |             48 |
|  zybo_i/processing_system7_0/inst/FCLK_CLK0 | zybo_i/processing_system7_0_axi_periph/s00_couplers/auto_pc/inst/gen_axilite.gen_b2s_conv.axilite_b2s/SI_REG/aw_pipe/skid_buffer_reg[0]_0                                |                                                                                                                                                     |                8 |             48 |
|  zybo_i/processing_system7_0/inst/FCLK_CLK0 | zybo_i/processing_system7_0_axi_periph/s00_couplers/auto_pc/inst/gen_axilite.gen_b2s_conv.axilite_b2s/SI_REG/ar_pipe/skid_buffer_reg[0]_0                                |                                                                                                                                                     |               10 |             48 |
|  zybo_i/processing_system7_0/inst/FCLK_CLK0 | zybo_i/processing_system7_0_axi_periph/s00_couplers/auto_pc/inst/gen_axilite.gen_b2s_conv.axilite_b2s/WR.aw_channel_0/aw_cmd_fsm_0/m_payload_i_reg[0][0]                 |                                                                                                                                                     |               10 |             48 |
|  zybo_i/processing_system7_0/inst/FCLK_CLK0 |                                                                                                                                                                          | zybo_i/processing_system7_0_axi_periph/s00_couplers/auto_pc/inst/gen_axilite.gen_b2s_conv.axilite_b2s/areset_d1                                     |               12 |             59 |
|  zybo_i/processing_system7_0/inst/FCLK_CLK0 |                                                                                                                                                                          |                                                                                                                                                     |               56 |            174 |
+---------------------------------------------+--------------------------------------------------------------------------------------------------------------------------------------------------------------------------+-----------------------------------------------------------------------------------------------------------------------------------------------------+------------------+----------------+


